<?xml version="1.0" encoding="UTF-8"?>
<testng-results skipped="0" failed="0" ignored="0" total="2" passed="2">
  <reporter-output>
  </reporter-output>
  <suite name="Suite" duration-ms="47566" started-at="2018-08-21T16:20:34Z" finished-at="2018-08-21T16:21:21Z">
    <groups>
    </groups>
    <test name="Test" duration-ms="47566" started-at="2018-08-21T16:20:34Z" finished-at="2018-08-21T16:21:21Z">
      <class name="scripts.TestValidLogin">
        <test-method status="PASS" signature="openApplication()[pri:0, instance:scripts.TestValidLogin@12843fce]" name="openApplication" is-config="true" duration-ms="14507" started-at="2018-08-21T21:50:34Z" finished-at="2018-08-21T21:50:48Z">
          <reporter-output>
          </reporter-output>
        </test-method> <!-- openApplication -->
        <test-method status="PASS" signature="testValidLogin()[pri:0, instance:scripts.TestValidLogin@12843fce]" name="testValidLogin" duration-ms="1905" started-at="2018-08-21T21:50:48Z" finished-at="2018-08-21T21:50:50Z">
          <reporter-output>
          </reporter-output>
        </test-method> <!-- testValidLogin -->
        <test-method status="PASS" signature="closeApplication(org.testng.ITestResult)[pri:0, instance:scripts.TestValidLogin@12843fce]" name="closeApplication" is-config="true" duration-ms="2" started-at="2018-08-21T21:50:50Z" finished-at="2018-08-21T21:50:50Z">
          <params>
            <param index="0">
              <value>
                <![CDATA[[TestResult name=testValidLogin status=SUCCESS method=TestValidLogin.testValidLogin()[pri:0, instance:scripts.TestValidLogin@12843fce] output={null}]]]>
              </value>
            </param>
          </params>
          <reporter-output>
          </reporter-output>
        </test-method> <!-- closeApplication -->
      </class> <!-- scripts.TestValidLogin -->
      <class name="scripts.TestInvalidLogin">
        <test-method status="PASS" signature="openApplication()[pri:0, instance:scripts.TestInvalidLogin@3dd3bcd]" name="openApplication" is-config="true" duration-ms="25936" started-at="2018-08-21T21:50:50Z" finished-at="2018-08-21T21:51:16Z">
          <reporter-output>
          </reporter-output>
        </test-method> <!-- openApplication -->
        <test-method status="PASS" signature="testInValidLogin()[pri:0, instance:scripts.TestInvalidLogin@3dd3bcd]" name="testInValidLogin" duration-ms="5192" started-at="2018-08-21T21:51:16Z" finished-at="2018-08-21T21:51:21Z">
          <reporter-output>
          </reporter-output>
        </test-method> <!-- testInValidLogin -->
        <test-method status="PASS" signature="closeApplication(org.testng.ITestResult)[pri:0, instance:scripts.TestInvalidLogin@3dd3bcd]" name="closeApplication" is-config="true" duration-ms="1" started-at="2018-08-21T21:51:21Z" finished-at="2018-08-21T21:51:21Z">
          <params>
            <param index="0">
              <value>
                <![CDATA[[TestResult name=testInValidLogin status=SUCCESS method=TestInvalidLogin.testInValidLogin()[pri:0, instance:scripts.TestInvalidLogin@3dd3bcd] output={null}]]]>
              </value>
            </param>
          </params>
          <reporter-output>
          </reporter-output>
        </test-method> <!-- closeApplication -->
      </class> <!-- scripts.TestInvalidLogin -->
    </test> <!-- Test -->
  </suite> <!-- Suite -->
</testng-results>
